Start------

2/01/2024 10:30:23.624 AM: Login User:asistente1@ngym.com Rol:Assistant
2/01/2024 10:32:36.937 AM: Login User:asistente1@ngym.com Rol:Assistant
2/01/2024 10:33:11.339 AM: Login User:drmendez@ngym.com Rol:Doctor
2/02/2024 01:15:28.562 p. m.: Login User:asistente1@ngym.com Rol:Assistant
2/02/2024 01:34:41.776 p. m.: Login User:asistente1@ngym.com Rol:Assistant
2/02/2024 01:55:01.779 p. m.: Login User:asistente1@ngym.com Rol:Assistant
2/02/2024 01:55:19.158 p. m.: Login User:asistente1@ngym.com Rol:Assistant
2/02/2024 01:57:35.282 p. m.: Login User:asistente1@ngym.com Rol:Assistant
2/02/2024 05:13:19.887 p. m.: Login User:asistente1@ngym.com Rol:Assistant
2/02/2024 05:20:13.290 p. m.: Login User:drmendez@ngym.com Rol:MoreThanOneRol
2/02/2024 05:24:22.255 p. m.: Login User:drmendez@ngym.com Rol:MoreThanOneRol
2/02/2024 06:08:15.993 p. m.: Login User:drmendez@ngym.com Rol:MoreThanOneRol
2/02/2024 06:17:01.924 p. m.: Login User:drmendez@ngym.com Rol:MoreThanOneRol
2/06/2024 03:51:01.835 p. m.: Login User:drmendez@ngym.com Rol:MoreThanOneRol
2/06/2024 03:57:37.876 p. m.: Login User:drmendez@ngym.com Rol:MoreThanOneRol
2/08/2024 04:06:29.689 p. m.: Login User:asistente1@ngym.com Rol:Assistant
2/08/2024 04:14:34.293 PM: Login User:asistente1@ngym.com Rol:Assistant
2/08/2024 04:54:21.165 PM: Login User:asistente1@ngym.com Rol:Assistant
2/08/2024 05:05:42.719 PM: Login User:asistente1@ngym.com Rol:Assistant
2/08/2024 05:10:37.854 p. m.: Login User:asistente1@ngym.com Rol:Assistant
2/08/2024 06:17:31.54 PM: Login User:asistente1@ngym.com Rol:Assistant
2/14/2024 10:01:22.517 a. m.: Login User:asistente1@ngym.com Rol:Assistant
2/14/2024 10:38:23.252 a. m.: Login User:asistente1@ngym.com Rol:Assistant
2/14/2024 11:30:27.414 a. m.: Login User:asistente1@ngym.com Rol:Assistant
2/14/2024 11:53:50.225 a. m.: Login User:asistente1@ngym.com Rol:Assistant
2/14/2024 12:21:55.875 p. m.: Login User:asistente1@ngym.com Rol:Assistant
2/14/2024 12:35:34.548 p. m.: Login User:asistente1@ngym.com Rol:Assistant
2/14/2024 03:32:56.549 p. m.: Login User:jrivera@ngym.com Rol:Doctor
2/14/2024 03:34:50.668 p. m.: Login User:jrivera@ngym.com Rol:Doctor
2/14/2024 03:39:21.376 p. m.: Login User:asistente1@ngym.com Rol:Assistant
2/14/2024 03:41:04.259 p. m.: Login User:jrivera@ngym.com Rol:Doctor
2/14/2024 03:42:27.393 p. m.: Login User:jrivera@ngym.com Rol:Doctor
2/14/2024 03:43:06.171 p. m.: Login User:jrivera@ngym.com Rol:Doctor
2/14/2024 03:50:31.935 p. m.: Login User:jrivera@ngym.com Rol:Doctor
2/14/2024 03:54:49.218 p. m.: Login User:jrivera@ngym.com Rol:Doctor
2/14/2024 05:47:31.495 p. m.: Login User:jrivera@ngym.com Rol:Doctor
2/14/2024 05:48:39.320 p. m.: Login User:jrivera@ngym.com Rol:Doctor
2/14/2024 05:50:07.798 p. m.: Login User:jrivera@ngym.com Rol:Doctor
2/14/2024 05:58:52.889 p. m.: Login User:jrivera@ngym.com Rol:Doctor
2/14/2024 06:25:39.708 p. m.: Login User:cgualino@ngym.com Rol:MoreThanOneRol
2/14/2024 06:27:23.78 p. m.: Login User:cgualino@ngym.com Rol:MoreThanOneRol
2/14/2024 06:29:12.576 p. m.: Login User:cgualino@ngym.com Rol:MoreThanOneRol
2/14/2024 06:29:33.367 p. m.: Login User:asistente1@ngym.com Rol:Assistant
2/14/2024 06:31:46.93 p. m.: Login User:asistente1@ngym.com Rol:Assistant
2/14/2024 06:32:07.993 p. m.: Login User:asistente1@ngym.com Rol:Assistant
2/15/2024 03:54:42.522 p. m.: Login User:cgualino@ngym.com Rol:MoreThanOneRol
2/22/2024 03:41:38.414 p. m.: Login User:cruiz@ngym.com Rol:Doctor
2/22/2024 03:47:26.850 p. m.: Login User:cruiz@ngym.com Rol:Doctor
2/22/2024 03:48:54.359 p. m.: Login User:cruiz@ngym.com Rol:Doctor
2/28/2024 11:29:15.565 a. m.: Login User:asistente1@ngym.com Rol:Assistant
2/28/2024 11:47:45.940 a. m.: Login User:asistentecristy@ngym.com Rol:Assistant